C51 COMPILER V9.56.0.0   INIT                                                              05/07/2018 15:35:30 PAGE 1   


C51 COMPILER V9.56.0.0, COMPILATION OF MODULE INIT
OBJECT MODULE PLACED IN .\Objects\INIT.obj
COMPILER INVOKED BY: C:\Keil_v5\C51\BIN\C51.EXE SRC\INIT.C OPTIMIZE(8,SPEED) BROWSE INCDIR(.\INC) DEBUG OBJECTEXTEND PRI
                    -NT(.\Listings\INIT.lst) TABS(2) OBJECT(.\Objects\INIT.obj)

line level    source

   1          #include "INIT.H"
   2          
   3          
   4          void Init_Fun(void)
   5          {
   6   1        //uint8_t read_count= 0;
   7   1        //uint8_t temp[4];
   8   1        //UART_SEND; 
   9   1        Key_IO_Init();  
*** WARNING C206 IN LINE 9 OF SRC\INIT.C: 'Key_IO_Init': missing function-prototype
  10   1        //Flash_IO_Init();
  11   1        //EEPROM_IO();
  12   1        //Delay_Init();
  13   1        //Uart_Init();
  14   1        //ADC_Init_Fun();   
  15   1        //Cartridge_Type_Check();                     
  16   1        //Full_Charge_LED_On; 
  17   1        //Delay_ms(1000);
  18   1        //Full_Charge_LED_Off; 
  19   1      }
  20          


MODULE INFORMATION:   STATIC OVERLAYABLE
   CODE SIZE        =      3    ----
   CONSTANT SIZE    =   ----    ----
   XDATA SIZE       =   ----    ----
   PDATA SIZE       =   ----    ----
   DATA SIZE        =   ----    ----
   IDATA SIZE       =   ----    ----
   BIT SIZE         =   ----    ----
END OF MODULE INFORMATION.


C51 COMPILATION COMPLETE.  1 WARNING(S),  0 ERROR(S)
