C51 COMPILER V9.56.0.0   SKIN_COLOR_CHECK                                                  02/01/2018 16:07:20 PAGE 1   


C51 COMPILER V9.56.0.0, COMPILATION OF MODULE SKIN_COLOR_CHECK
OBJECT MODULE PLACED IN .\Objects\skin_color_check.obj
COMPILER INVOKED BY: C:\Keil_v5\C51\BIN\C51.EXE User\skin_color_check.c OPTIMIZE(8,SPEED) BROWSE INCDIR(.\User;.\Option 
                    -File) DEBUG OBJECTEXTEND PRINT(.\Listings\skin_color_check.lst) TABS(2) OBJECT(.\Objects\skin_color_check.obj)

line level    source

   1          #include "skin_color_check.h"
   2          #include "ADC.h"
   3          #include "delay.h"
   4          
   5          uint8_t Skin_Tpye = 0;
   6          
   7          void Skin_Color_Check(void)
   8          {
   9   1        uint16_t readdata;
  10   1        readdata = ADC_Read_Channel_Fun(ADC_RGB_CHANNEL);
  11   1        if((readdata < COLOR_TPYE_1_H) && (readdata > COLOR_TPYE_1_L))
  12   1        {  
  13   2          Delay_N_5us(10);
  14   2          if((readdata < COLOR_TPYE_1_H) && (readdata > COLOR_TPYE_1_L))
  15   2          { 
  16   3            Skin_Tpye = 1;
  17   3          }           
  18   2        }   
  19   1        
  20   1        if((readdata < COLOR_TPYE_3_H) && (readdata > COLOR_TPYE_3_L))
  21   1        {  
  22   2          Delay_N_5us(10);
  23   2          if((readdata < COLOR_TPYE_3_H) && (readdata > COLOR_TPYE_3_L))
  24   2          { 
  25   3            Skin_Tpye =3;
  26   3          }           
  27   2        } 
  28   1        if((readdata < COLOR_TPYE_4_H) && (readdata > COLOR_TPYE_4_L))
  29   1        {  
  30   2          Delay_N_5us(10);
  31   2          if((readdata < COLOR_TPYE_4_H) && (readdata > COLOR_TPYE_4_L))
  32   2          { 
  33   3            Skin_Tpye = 4;
  34   3          }           
  35   2        } 
  36   1        if((readdata < COLOR_TPYE_5_H) && (readdata > COLOR_TPYE_5_L))
  37   1        {  
  38   2          Delay_N_5us(10);
  39   2          if((readdata < COLOR_TPYE_5_H) && (readdata > COLOR_TPYE_5_L))
  40   2          { 
  41   3            Skin_Tpye = 5;
  42   3          }           
  43   2        } 
  44   1        
  45   1        
  46   1        
  47   1      }


MODULE INFORMATION:   STATIC OVERLAYABLE
   CODE SIZE        =    210    ----
   CONSTANT SIZE    =   ----    ----
   XDATA SIZE       =   ----    ----
   PDATA SIZE       =   ----    ----
C51 COMPILER V9.56.0.0   SKIN_COLOR_CHECK                                                  02/01/2018 16:07:20 PAGE 2   

   DATA SIZE        =      1       2
   IDATA SIZE       =   ----    ----
   BIT SIZE         =   ----    ----
END OF MODULE INFORMATION.


C51 COMPILATION COMPLETE.  0 WARNING(S),  0 ERROR(S)
