C51 COMPILER V9.56.0.0   SKIN_COLOR_CHECK                                                  05/22/2018 18:06:46 PAGE 1   


C51 COMPILER V9.56.0.0, COMPILATION OF MODULE SKIN_COLOR_CHECK
OBJECT MODULE PLACED IN .\Objects\skin_color_check.obj
COMPILER INVOKED BY: C:\Keil_v5\C51\BIN\C51.EXE User\skin_color_check.c OPTIMIZE(8,SPEED) BROWSE INCDIR(.\User;.\Option 
                    -File) DEBUG OBJECTEXTEND PRINT(.\Listings\skin_color_check.lst) TABS(2) OBJECT(.\Objects\skin_color_check.obj)

line level    source

   1          #include "skin_color_check.h"
   2          #include "ADC.h"
   3          #include "delay.h"
   4          
   5          uint8_t Skin_Tpye = 0;
   6          uint16_t readdata;
   7          //uint16_t readdataR;
   8          //uint16_t readdataG;
   9          //uint16_t readdataB;
  10          
  11          void Skin_Color_Check(void)
  12          {
  13   1        readdata = ADC_Read_Channel_Fun(ADC_RGB_R_CHANNEL);
  14   1        //readdataG = ADC_Read_Channel_Fun(ADC_RGB_G_CHANNEL);
  15   1        //readdata = readdataG - readdataR;
  16   1        if((readdata < COLOR_TPYE_1_H) && (readdata > COLOR_TPYE_1_L))
  17   1        {  
  18   2            Skin_Tpye = 1;    
  19   2        }   
  20   1        if((readdata < COLOR_TPYE_3_H) && (readdata >= COLOR_TPYE_3_L))
  21   1        {  
  22   2            Skin_Tpye =3;         
  23   2        } 
  24   1        if((readdata < COLOR_TPYE_4_H) && (readdata >= COLOR_TPYE_4_L))
  25   1        {  
  26   2            Skin_Tpye = 4;
  27   2        } 
  28   1        if((readdata < COLOR_TPYE_5_H) && (readdata >= COLOR_TPYE_5_L))
  29   1        {  
  30   2            Skin_Tpye = 5;        
  31   2        } 
  32   1      }


MODULE INFORMATION:   STATIC OVERLAYABLE
   CODE SIZE        =    105    ----
   CONSTANT SIZE    =   ----    ----
   XDATA SIZE       =   ----    ----
   PDATA SIZE       =   ----    ----
   DATA SIZE        =      3    ----
   IDATA SIZE       =   ----    ----
   BIT SIZE         =   ----    ----
END OF MODULE INFORMATION.


C51 COMPILATION COMPLETE.  0 WARNING(S),  0 ERROR(S)
