C51 COMPILER V9.56.0.0   DELAY                                                             04/25/2018 14:58:28 PAGE 1   


C51 COMPILER V9.56.0.0, COMPILATION OF MODULE DELAY
OBJECT MODULE PLACED IN .\Objects\delay.obj
COMPILER INVOKED BY: C:\Keil_v5\C51\BIN\C51.EXE User\delay.c OPTIMIZE(8,SPEED) BROWSE INCDIR(.\User;.\Option File) DEBUG
                    - OBJECTEXTEND PRINT(.\Listings\delay.lst) TABS(2) OBJECT(.\Objects\delay.obj)

line level    source

   1          /**
   2            ******************************************************************************
   3            * @file    delay.c
   4            * @author  Captain.
   5            * @version V1.1.0
   6            * @date    2017-6-22
   7            * @brief   This file implement delay ms and delay us functions. 
   8             *****************************************************************************
   9            * @attention
  10            *
  11            * <h2><center>&copy; COPYRIGHT 2017 YUJIN</center></h2>
  12            *
  13            ******************************************************************************
  14            */
  15          
  16          /* Includes ------------------------------------------------------------------*/
  17          #include "delay.h"
  18          
  19          /* Public Functions ----------------------------------------------------------*/
  20          
  21          /*
  22          ********************************************************************************
  23          *                                       DELAY MS FUNCTIONS
  24          *
  25          * Description: This function Delay N ms.
  26          *
  27          * Arguments  : Number of Delay times.
  28          *
  29          * Note(s)    : none.
  30          ********************************************************************************
  31          */
  32          void Delay_ms(uint16_t N)
  33          {
  34   1        while(N--)
  35   1        {
  36   2          TH0 = 0x83;     /* 1 ms */
  37   2          TL0 = 0x00;
  38   2          TR0 = 1;  //enable timer;
  39   2          while(!(TF0));
  40   2          TF0 = 0;
  41   2        //  TR0 = 0;  //disable timer;
  42   2        }
  43   1        TR0 = 0;  //disable timer;
  44   1      }
  45          
  46          
  47          void Delay_Init(void)
  48          {
  49   1        //IEN0  //disable Interrupt
  50   1        TH0 = 0x00;
  51   1        TL0 = 0x00;
  52   1        TMOD |= 0x05;  //Ft0 = Fosc, 16 Bit up;
  53   1        TCON0 |= 0x70; //Ft0 = 32MHz;
  54   1        TF0 = 0;   //clean flag;
C51 COMPILER V9.56.0.0   DELAY                                                             04/25/2018 14:58:28 PAGE 2   

  55   1        TR0 = 0;  //disable timer;
  56   1      }
  57          
  58          /************************ (C) COPYRIGHT YUJIN *****END OF FILE*****************/


MODULE INFORMATION:   STATIC OVERLAYABLE
   CODE SIZE        =     44    ----
   CONSTANT SIZE    =   ----    ----
   XDATA SIZE       =   ----    ----
   PDATA SIZE       =   ----    ----
   DATA SIZE        =   ----    ----
   IDATA SIZE       =   ----    ----
   BIT SIZE         =   ----    ----
END OF MODULE INFORMATION.


C51 COMPILATION COMPLETE.  0 WARNING(S),  0 ERROR(S)
