C51 COMPILER V9.56.0.0   QUEUE                                                             11/03/2017 15:18:47 PAGE 1   


C51 COMPILER V9.56.0.0, COMPILATION OF MODULE QUEUE
OBJECT MODULE PLACED IN .\Objects\queue.obj
COMPILER INVOKED BY: C:\Keil_v5\C51\BIN\C51.EXE User\queue.c OPTIMIZE(8,SPEED) BROWSE INCDIR(.\User;.\Option File) DEBUG
                    - OBJECTEXTEND PRINT(.\Listings\queue.lst) TABS(2) OBJECT(.\Objects\queue.obj)

line level    source

   1          #include "queue.h"
   2          
   3          Queue Uart_Queue;
   4          Queue Length_Queue;
   5          
   6          void Queue_Init(void)
   7          {
   8   1        Uart_Queue.front = 0;
   9   1        Uart_Queue.rear = 0;
  10   1        Length_Queue.front = 0;
  11   1        Length_Queue.rear = 0;
  12   1      }
  13          
  14          uint8_t In_Queue(Queue *q,uint8_t d)
  15          {
  16   1        if(q->front == (q->rear+1)%QueueSize)
  17   1        {
  18   2          return ERROR;
  19   2        }else{
  20   2          q->dat[q->rear] = d;
  21   2          q->rear=(q->rear+1) % QueueSize; 
  22   2          return OK;
  23   2        }
  24   1      }
  25          
  26          uint8_t Out_Queue(Queue *q,uint8_t *d)
  27          {
  28   1        if(q->front==q->rear)
  29   1        {
  30   2          return ERROR;
  31   2        }else{
  32   2          *d = q->dat[q->front];
  33   2          q->front=(q->front+1) % QueueSize; 
  34   2          return OK;
  35   2        }
  36   1      }


MODULE INFORMATION:   STATIC OVERLAYABLE
   CODE SIZE        =    191    ----
   CONSTANT SIZE    =   ----    ----
   XDATA SIZE       =   ----    ----
   PDATA SIZE       =   ----    ----
   DATA SIZE        =     36      10
   IDATA SIZE       =   ----    ----
   BIT SIZE         =   ----    ----
END OF MODULE INFORMATION.


C51 COMPILATION COMPLETE.  0 WARNING(S),  0 ERROR(S)
